<?xml version="1.0" encoding="UTF-8"?>
<testng-results skipped="0" failed="0" ignored="0" total="1" passed="1">
  <reporter-output>
  </reporter-output>
  <suite name="Default suite" duration-ms="36345" started-at="2019-11-09T04:24:29Z" finished-at="2019-11-09T04:25:05Z">
    <groups>
    </groups>
    <test name="Default test" duration-ms="36345" started-at="2019-11-09T04:24:29Z" finished-at="2019-11-09T04:25:05Z">
      <class name="wayToautomation.HandilingMulltipleWindows">
        <test-method status="PASS" signature="openBrowser()[pri:0, instance:wayToautomation.HandilingMulltipleWindows@239963d8]" name="openBrowser" is-config="true" duration-ms="20184" started-at="2019-11-09T04:24:29Z" finished-at="2019-11-09T04:24:49Z">
          <reporter-output>
          </reporter-output>
        </test-method> <!-- openBrowser -->
        <test-method status="PASS" signature="verifyBUyNowButton()[pri:0, instance:wayToautomation.HandilingMulltipleWindows@239963d8]" name="verifyBUyNowButton" duration-ms="15442" started-at="2019-11-09T04:24:49Z" finished-at="2019-11-09T04:25:04Z">
          <reporter-output>
          </reporter-output>
        </test-method> <!-- verifyBUyNowButton -->
        <test-method status="PASS" signature="closeBrowser()[pri:0, instance:wayToautomation.HandilingMulltipleWindows@239963d8]" name="closeBrowser" is-config="true" duration-ms="698" started-at="2019-11-09T04:25:04Z" finished-at="2019-11-09T04:25:05Z">
          <reporter-output>
          </reporter-output>
        </test-method> <!-- closeBrowser -->
      </class> <!-- wayToautomation.HandilingMulltipleWindows -->
    </test> <!-- Default test -->
  </suite> <!-- Default suite -->
</testng-results>
